{"/Users/enochchau/Gatsby/mongoose-avro-parser/dist/helpers.js": {"path":"/Users/enochchau/Gatsby/mongoose-avro-parser/dist/helpers.js","statementMap":{"0":{"start":{"line":2,"column":0},"end":{"line":2,"column":62}},"1":{"start":{"line":3,"column":0},"end":{"line":3,"column":32}},"2":{"start":{"line":10,"column":18},"end":{"line":10,"column":25}},"3":{"start":{"line":11,"column":4},"end":{"line":13,"column":5}},"4":{"start":{"line":11,"column":17},"end":{"line":11,"column":18}},"5":{"start":{"line":12,"column":8},"end":{"line":12,"column":30}},"6":{"start":{"line":14,"column":4},"end":{"line":14,"column":19}},"7":{"start":{"line":16,"column":0},"end":{"line":16,"column":40}}},"fnMap":{"0":{"name":"findUnusedName","decl":{"start":{"line":9,"column":9},"end":{"line":9,"column":23}},"loc":{"start":{"line":9,"column":44},"end":{"line":15,"column":1}},"line":9}},"branchMap":{},"s":{"0":1,"1":1,"2":1,"3":1,"4":1,"5":3,"6":1,"7":1},"f":{"0":1},"b":{},"_coverageSchema":"1a1c01bbd47fc00a2c39e90264f33305004495a9","hash":"1237f83bae0a20be0f70ab6e2f44902c03e05793"}
,"/Users/enochchau/Gatsby/mongoose-avro-parser/src/config.ts": {"path":"/Users/enochchau/Gatsby/mongoose-avro-parser/src/config.ts","statementMap":{"0":{"start":{"line":1,"column":21},"end":{"line":1,"column":26}}},"fnMap":{},"branchMap":{},"s":{"0":3},"f":{},"b":{},"_coverageSchema":"1a1c01bbd47fc00a2c39e90264f33305004495a9","hash":"7a7f2ff15a9b73472c348f3a719ebad909b59756"}
,"/Users/enochchau/Gatsby/mongoose-avro-parser/src/error.ts": {"path":"/Users/enochchau/Gatsby/mongoose-avro-parser/src/error.ts","statementMap":{"0":{"start":{"line":8,"column":4},"end":{"line":8,"column":19}},"1":{"start":{"line":9,"column":4},"end":{"line":9,"column":21}},"2":{"start":{"line":14,"column":30},"end":{"line":16,"column":3}},"3":{"start":{"line":17,"column":2},"end":{"line":22,"column":4}},"4":{"start":{"line":23,"column":2},"end":{"line":25,"column":3}},"5":{"start":{"line":24,"column":4},"end":{"line":24,"column":19}}},"fnMap":{"0":{"name":"(anonymous_0)","decl":{"start":{"line":7,"column":2},"end":{"line":7,"column":3}},"loc":{"start":{"line":7,"column":46},"end":{"line":10,"column":3}},"line":7},"1":{"name":"tsNodeErrorHandler","decl":{"start":{"line":13,"column":16},"end":{"line":13,"column":34}},"loc":{"start":{"line":13,"column":78},"end":{"line":26,"column":1}},"line":13}},"branchMap":{"0":{"loc":{"start":{"line":23,"column":2},"end":{"line":25,"column":3}},"type":"if","locations":[{"start":{"line":23,"column":2},"end":{"line":25,"column":3}},{"start":{},"end":{}}],"line":23}},"s":{"0":1,"1":1,"2":0,"3":0,"4":0,"5":0},"f":{"0":1,"1":0},"b":{"0":[0,0]},"_coverageSchema":"1a1c01bbd47fc00a2c39e90264f33305004495a9","hash":"c4bd59036e98158f9d3fc9e79c1b4fd0967f56c4"}
,"/Users/enochchau/Gatsby/mongoose-avro-parser/src/gen.ts": {"path":"/Users/enochchau/Gatsby/mongoose-avro-parser/src/gen.ts","statementMap":{"0":{"start":{"line":12,"column":2},"end":{"line":12,"column":48}},"1":{"start":{"line":20,"column":2},"end":{"line":22,"column":3}},"2":{"start":{"line":21,"column":4},"end":{"line":21,"column":75}},"3":{"start":{"line":23,"column":2},"end":{"line":26,"column":4}},"4":{"start":{"line":35,"column":2},"end":{"line":35,"column":44}},"5":{"start":{"line":35,"column":19},"end":{"line":35,"column":44}},"6":{"start":{"line":37,"column":2},"end":{"line":37,"column":79}},"7":{"start":{"line":45,"column":2},"end":{"line":53,"column":4}},"8":{"start":{"line":61,"column":22},"end":{"line":71,"column":3}},"9":{"start":{"line":73,"column":2},"end":{"line":79,"column":3}},"10":{"start":{"line":74,"column":4},"end":{"line":78,"column":6}},"11":{"start":{"line":80,"column":2},"end":{"line":80,"column":21}},"12":{"start":{"line":94,"column":2},"end":{"line":94,"column":44}},"13":{"start":{"line":94,"column":19},"end":{"line":94,"column":44}},"14":{"start":{"line":96,"column":25},"end":{"line":101,"column":4}},"15":{"start":{"line":97,"column":4},"end":{"line":100,"column":6}},"16":{"start":{"line":103,"column":2},"end":{"line":108,"column":4}},"17":{"start":{"line":124,"column":2},"end":{"line":124,"column":44}},"18":{"start":{"line":124,"column":19},"end":{"line":124,"column":44}},"19":{"start":{"line":128,"column":18},"end":{"line":128,"column":27}},"20":{"start":{"line":131,"column":2},"end":{"line":138,"column":3}},"21":{"start":{"line":132,"column":4},"end":{"line":132,"column":72}},"22":{"start":{"line":133,"column":4},"end":{"line":137,"column":7}},"23":{"start":{"line":140,"column":2},"end":{"line":145,"column":4}},"24":{"start":{"line":160,"column":20},"end":{"line":160,"column":40}},"25":{"start":{"line":161,"column":24},"end":{"line":161,"column":68}},"26":{"start":{"line":162,"column":19},"end":{"line":162,"column":69}},"27":{"start":{"line":163,"column":16},"end":{"line":163,"column":27}},"28":{"start":{"line":164,"column":20},"end":{"line":166,"column":4}},"29":{"start":{"line":165,"column":4},"end":{"line":165,"column":48}},"30":{"start":{"line":165,"column":31},"end":{"line":165,"column":48}},"31":{"start":{"line":167,"column":2},"end":{"line":169,"column":3}},"32":{"start":{"line":168,"column":4},"end":{"line":168,"column":70}},"33":{"start":{"line":170,"column":2},"end":{"line":170,"column":18}},"34":{"start":{"line":178,"column":20},"end":{"line":180,"column":4}},"35":{"start":{"line":179,"column":4},"end":{"line":179,"column":48}},"36":{"start":{"line":179,"column":31},"end":{"line":179,"column":48}},"37":{"start":{"line":181,"column":2},"end":{"line":183,"column":3}},"38":{"start":{"line":182,"column":4},"end":{"line":182,"column":69}},"39":{"start":{"line":184,"column":2},"end":{"line":184,"column":31}}},"fnMap":{"0":{"name":"genPrimitive","decl":{"start":{"line":11,"column":16},"end":{"line":11,"column":28}},"loc":{"start":{"line":11,"column":74},"end":{"line":13,"column":1}},"line":11},"1":{"name":"genMap","decl":{"start":{"line":19,"column":16},"end":{"line":19,"column":22}},"loc":{"start":{"line":19,"column":48},"end":{"line":27,"column":1}},"line":19},"2":{"name":"genTypeRef","decl":{"start":{"line":34,"column":16},"end":{"line":34,"column":26}},"loc":{"start":{"line":34,"column":68},"end":{"line":38,"column":1}},"line":34},"3":{"name":"genMTypeRef","decl":{"start":{"line":44,"column":16},"end":{"line":44,"column":27}},"loc":{"start":{"line":44,"column":42},"end":{"line":54,"column":1}},"line":44},"4":{"name":"genMImport","decl":{"start":{"line":60,"column":16},"end":{"line":60,"column":26}},"loc":{"start":{"line":60,"column":50},"end":{"line":81,"column":1}},"line":60},"5":{"name":"genEnum","decl":{"start":{"line":89,"column":16},"end":{"line":89,"column":23}},"loc":{"start":{"line":93,"column":2},"end":{"line":109,"column":1}},"line":93},"6":{"name":"(anonymous_6)","decl":{"start":{"line":96,"column":42},"end":{"line":96,"column":43}},"loc":{"start":{"line":96,"column":52},"end":{"line":101,"column":3}},"line":96},"7":{"name":"genPropertySignature","decl":{"start":{"line":118,"column":16},"end":{"line":118,"column":36}},"loc":{"start":{"line":123,"column":24},"end":{"line":146,"column":1}},"line":123},"8":{"name":"genPropertyInterface","decl":{"start":{"line":154,"column":16},"end":{"line":154,"column":36}},"loc":{"start":{"line":158,"column":2},"end":{"line":171,"column":1}},"line":158},"9":{"name":"(anonymous_9)","decl":{"start":{"line":164,"column":39},"end":{"line":164,"column":40}},"loc":{"start":{"line":164,"column":49},"end":{"line":166,"column":3}},"line":164},"10":{"name":"genTypeRefForInterface","decl":{"start":{"line":177,"column":16},"end":{"line":177,"column":38}},"loc":{"start":{"line":177,"column":70},"end":{"line":185,"column":1}},"line":177},"11":{"name":"(anonymous_11)","decl":{"start":{"line":178,"column":38},"end":{"line":178,"column":39}},"loc":{"start":{"line":178,"column":48},"end":{"line":180,"column":3}},"line":178}},"branchMap":{"0":{"loc":{"start":{"line":20,"column":2},"end":{"line":22,"column":3}},"type":"if","locations":[{"start":{"line":20,"column":2},"end":{"line":22,"column":3}},{"start":{},"end":{}}],"line":20},"1":{"loc":{"start":{"line":35,"column":2},"end":{"line":35,"column":44}},"type":"if","locations":[{"start":{"line":35,"column":2},"end":{"line":35,"column":44}},{"start":{},"end":{}}],"line":35},"2":{"loc":{"start":{"line":60,"column":27},"end":{"line":60,"column":48}},"type":"default-arg","locations":[{"start":{"line":60,"column":43},"end":{"line":60,"column":48}}],"line":60},"3":{"loc":{"start":{"line":73,"column":2},"end":{"line":79,"column":3}},"type":"if","locations":[{"start":{"line":73,"column":2},"end":{"line":79,"column":3}},{"start":{},"end":{}}],"line":73},"4":{"loc":{"start":{"line":94,"column":2},"end":{"line":94,"column":44}},"type":"if","locations":[{"start":{"line":94,"column":2},"end":{"line":94,"column":44}},{"start":{},"end":{}}],"line":94},"5":{"loc":{"start":{"line":124,"column":2},"end":{"line":124,"column":44}},"type":"if","locations":[{"start":{"line":124,"column":2},"end":{"line":124,"column":44}},{"start":{},"end":{}}],"line":124},"6":{"loc":{"start":{"line":131,"column":2},"end":{"line":138,"column":3}},"type":"if","locations":[{"start":{"line":131,"column":2},"end":{"line":138,"column":3}},{"start":{},"end":{}}],"line":131},"7":{"loc":{"start":{"line":131,"column":6},"end":{"line":131,"column":24}},"type":"binary-expr","locations":[{"start":{"line":131,"column":6},"end":{"line":131,"column":14}},{"start":{"line":131,"column":18},"end":{"line":131,"column":24}}],"line":131},"8":{"loc":{"start":{"line":165,"column":4},"end":{"line":165,"column":48}},"type":"if","locations":[{"start":{"line":165,"column":4},"end":{"line":165,"column":48}},{"start":{},"end":{}}],"line":165},"9":{"loc":{"start":{"line":167,"column":2},"end":{"line":169,"column":3}},"type":"if","locations":[{"start":{"line":167,"column":2},"end":{"line":169,"column":3}},{"start":{},"end":{}}],"line":167},"10":{"loc":{"start":{"line":179,"column":4},"end":{"line":179,"column":48}},"type":"if","locations":[{"start":{"line":179,"column":4},"end":{"line":179,"column":48}},{"start":{},"end":{}}],"line":179},"11":{"loc":{"start":{"line":181,"column":2},"end":{"line":183,"column":3}},"type":"if","locations":[{"start":{"line":181,"column":2},"end":{"line":183,"column":3}},{"start":{},"end":{}}],"line":181}},"s":{"0":4,"1":2,"2":1,"3":2,"4":2,"5":0,"6":2,"7":1,"8":3,"9":3,"10":2,"11":1,"12":1,"13":0,"14":1,"15":2,"16":1,"17":4,"18":0,"19":4,"20":4,"21":3,"22":3,"23":4,"24":1,"25":1,"26":1,"27":1,"28":1,"29":1,"30":1,"31":1,"32":0,"33":1,"34":1,"35":1,"36":1,"37":1,"38":0,"39":1},"f":{"0":4,"1":2,"2":2,"3":1,"4":3,"5":1,"6":2,"7":4,"8":1,"9":1,"10":1,"11":1},"b":{"0":[1,1],"1":[0,2],"2":[1],"3":[2,1],"4":[0,1],"5":[0,4],"6":[3,1],"7":[4,3],"8":[1,0],"9":[0,1],"10":[1,0],"11":[0,1]},"_coverageSchema":"1a1c01bbd47fc00a2c39e90264f33305004495a9","hash":"79dd2d3506a7653ed0c4784938bb571f3b0c024e"}
,"/Users/enochchau/Gatsby/mongoose-avro-parser/src/guards.ts": {"path":"/Users/enochchau/Gatsby/mongoose-avro-parser/src/guards.ts","statementMap":{"0":{"start":{"line":9,"column":2},"end":{"line":11,"column":3}},"1":{"start":{"line":10,"column":4},"end":{"line":10,"column":34}},"2":{"start":{"line":10,"column":22},"end":{"line":10,"column":34}},"3":{"start":{"line":12,"column":2},"end":{"line":12,"column":15}},"4":{"start":{"line":26,"column":2},"end":{"line":31,"column":4}}},"fnMap":{"0":{"name":"isMType","decl":{"start":{"line":8,"column":16},"end":{"line":8,"column":23}},"loc":{"start":{"line":8,"column":51},"end":{"line":13,"column":1}},"line":8},"1":{"name":"isValidMFieldNode","decl":{"start":{"line":19,"column":16},"end":{"line":19,"column":33}},"loc":{"start":{"line":25,"column":32},"end":{"line":32,"column":1}},"line":25}},"branchMap":{"0":{"loc":{"start":{"line":10,"column":4},"end":{"line":10,"column":34}},"type":"if","locations":[{"start":{"line":10,"column":4},"end":{"line":10,"column":34}},{"start":{},"end":{}}],"line":10},"1":{"loc":{"start":{"line":27,"column":4},"end":{"line":30,"column":39}},"type":"binary-expr","locations":[{"start":{"line":27,"column":4},"end":{"line":27,"column":25}},{"start":{"line":28,"column":4},"end":{"line":28,"column":38}},{"start":{"line":29,"column":4},"end":{"line":29,"column":37}},{"start":{"line":30,"column":4},"end":{"line":30,"column":39}}],"line":27}},"s":{"0":2,"1":15,"2":2,"3":0,"4":3},"f":{"0":2,"1":3},"b":{"0":[2,13],"1":[3,1,1,0]},"_coverageSchema":"1a1c01bbd47fc00a2c39e90264f33305004495a9","hash":"9e19b6a11799cb84dd74a84e3a1c7d5732b14dac"}
,"/Users/enochchau/Gatsby/mongoose-avro-parser/src/helpers.ts": {"path":"/Users/enochchau/Gatsby/mongoose-avro-parser/src/helpers.ts","statementMap":{"0":{"start":{"line":7,"column":16},"end":{"line":7,"column":23}},"1":{"start":{"line":8,"column":2},"end":{"line":10,"column":3}},"2":{"start":{"line":8,"column":15},"end":{"line":8,"column":16}},"3":{"start":{"line":9,"column":4},"end":{"line":9,"column":26}},"4":{"start":{"line":11,"column":2},"end":{"line":11,"column":17}}},"fnMap":{"0":{"name":"findUnusedName","decl":{"start":{"line":6,"column":16},"end":{"line":6,"column":30}},"loc":{"start":{"line":6,"column":72},"end":{"line":12,"column":1}},"line":6}},"branchMap":{},"s":{"0":3,"1":3,"2":3,"3":3,"4":3},"f":{"0":3},"b":{},"_coverageSchema":"1a1c01bbd47fc00a2c39e90264f33305004495a9","hash":"4d4562f9b929f552c9d592b0a66f1ef3122136b5"}
,"/Users/enochchau/Gatsby/mongoose-avro-parser/src/index.ts": {"path":"/Users/enochchau/Gatsby/mongoose-avro-parser/src/index.ts","statementMap":{"0":{"start":{"line":15,"column":18},"end":{"line":15,"column":39}},"1":{"start":{"line":16,"column":16},"end":{"line":16,"column":47}},"2":{"start":{"line":17,"column":16},"end":{"line":17,"column":40}},"3":{"start":{"line":18,"column":16},"end":{"line":18,"column":34}},"4":{"start":{"line":20,"column":16},"end":{"line":23,"column":2}},"5":{"start":{"line":25,"column":16},"end":{"line":34,"column":2}},"6":{"start":{"line":26,"column":21},"end":{"line":26,"column":52}},"7":{"start":{"line":27,"column":2},"end":{"line":27,"column":73}},"8":{"start":{"line":27,"column":19},"end":{"line":27,"column":73}},"9":{"start":{"line":28,"column":18},"end":{"line":28,"column":74}},"10":{"start":{"line":29,"column":2},"end":{"line":32,"column":3}},"11":{"start":{"line":30,"column":4},"end":{"line":30,"column":49}},"12":{"start":{"line":31,"column":4},"end":{"line":31,"column":20}},"13":{"start":{"line":33,"column":2},"end":{"line":33,"column":17}},"14":{"start":{"line":35,"column":0},"end":{"line":35,"column":21}},"15":{"start":{"line":43,"column":2},"end":{"line":68,"column":3}},"16":{"start":{"line":44,"column":24},"end":{"line":44,"column":61}},"17":{"start":{"line":46,"column":20},"end":{"line":46,"column":52}},"18":{"start":{"line":49,"column":32},"end":{"line":49,"column":34}},"19":{"start":{"line":50,"column":4},"end":{"line":58,"column":7}},"20":{"start":{"line":51,"column":19},"end":{"line":51,"column":53}},"21":{"start":{"line":52,"column":6},"end":{"line":57,"column":7}},"22":{"start":{"line":53,"column":26},"end":{"line":53,"column":46}},"23":{"start":{"line":54,"column":30},"end":{"line":54,"column":71}},"24":{"start":{"line":55,"column":22},"end":{"line":55,"column":79}},"25":{"start":{"line":56,"column":8},"end":{"line":56,"column":32}},"26":{"start":{"line":60,"column":18},"end":{"line":60,"column":77}},"27":{"start":{"line":61,"column":4},"end":{"line":61,"column":73}},"28":{"start":{"line":63,"column":4},"end":{"line":67,"column":5}},"29":{"start":{"line":64,"column":6},"end":{"line":64,"column":40}},"30":{"start":{"line":66,"column":6},"end":{"line":66,"column":23}}},"fnMap":{"0":{"name":"(anonymous_0)","decl":{"start":{"line":25,"column":30},"end":{"line":25,"column":31}},"loc":{"start":{"line":25,"column":50},"end":{"line":34,"column":1}},"line":25},"1":{"name":"processSourceFile","decl":{"start":{"line":37,"column":16},"end":{"line":37,"column":33}},"loc":{"start":{"line":42,"column":2},"end":{"line":69,"column":1}},"line":42},"2":{"name":"(anonymous_2)","decl":{"start":{"line":50,"column":20},"end":{"line":50,"column":21}},"loc":{"start":{"line":50,"column":27},"end":{"line":58,"column":5}},"line":50}},"branchMap":{"0":{"loc":{"start":{"line":27,"column":2},"end":{"line":27,"column":73}},"type":"if","locations":[{"start":{"line":27,"column":2},"end":{"line":27,"column":73}},{"start":{},"end":{}}],"line":27},"1":{"loc":{"start":{"line":29,"column":2},"end":{"line":32,"column":3}},"type":"if","locations":[{"start":{"line":29,"column":2},"end":{"line":32,"column":3}},{"start":{},"end":{}}],"line":29},"2":{"loc":{"start":{"line":52,"column":6},"end":{"line":57,"column":7}},"type":"if","locations":[{"start":{"line":52,"column":6},"end":{"line":57,"column":7}},{"start":{},"end":{}}],"line":52},"3":{"loc":{"start":{"line":63,"column":4},"end":{"line":67,"column":5}},"type":"if","locations":[{"start":{"line":63,"column":4},"end":{"line":67,"column":5}},{"start":{"line":65,"column":11},"end":{"line":67,"column":5}}],"line":63}},"s":{"0":1,"1":1,"2":1,"3":1,"4":1,"5":1,"6":1,"7":1,"8":1,"9":0,"10":0,"11":0,"12":0,"13":0,"14":1,"15":1,"16":1,"17":1,"18":1,"19":1,"20":1,"21":1,"22":1,"23":1,"24":1,"25":1,"26":1,"27":1,"28":0,"29":0,"30":0},"f":{"0":1,"1":1,"2":1},"b":{"0":[1,0],"1":[0,0],"2":[1,0],"3":[0,0]},"_coverageSchema":"1a1c01bbd47fc00a2c39e90264f33305004495a9","hash":"59b7e740c6aae02daff51007f2ced89fcda18710"}
,"/Users/enochchau/Gatsby/mongoose-avro-parser/src/options.ts": {"path":"/Users/enochchau/Gatsby/mongoose-avro-parser/src/options.ts","statementMap":{"0":{"start":{"line":9,"column":2},"end":{"line":13,"column":4}}},"fnMap":{"0":{"name":"parseOptions","decl":{"start":{"line":8,"column":16},"end":{"line":8,"column":28}},"loc":{"start":{"line":8,"column":66},"end":{"line":14,"column":1}},"line":8}},"branchMap":{"0":{"loc":{"start":{"line":10,"column":33},"end":{"line":10,"column":64}},"type":"binary-expr","locations":[{"start":{"line":10,"column":33},"end":{"line":10,"column":51}},{"start":{"line":10,"column":55},"end":{"line":10,"column":64}}],"line":10},"1":{"loc":{"start":{"line":11,"column":38},"end":{"line":11,"column":74}},"type":"binary-expr","locations":[{"start":{"line":11,"column":38},"end":{"line":11,"column":61}},{"start":{"line":11,"column":65},"end":{"line":11,"column":74}}],"line":11}},"s":{"0":3},"f":{"0":3},"b":{"0":[3,1],"1":[3,1]},"_coverageSchema":"1a1c01bbd47fc00a2c39e90264f33305004495a9","hash":"6cb4e224dcd21cea610b83efc15a2842285dd0fe"}
,"/Users/enochchau/Gatsby/mongoose-avro-parser/src/processors.ts": {"path":"/Users/enochchau/Gatsby/mongoose-avro-parser/src/processors.ts","statementMap":{"0":{"start":{"line":22,"column":32},"end":{"line":22,"column":34}},"1":{"start":{"line":23,"column":2},"end":{"line":27,"column":5}},"2":{"start":{"line":24,"column":4},"end":{"line":26,"column":5}},"3":{"start":{"line":25,"column":6},"end":{"line":25,"column":28}},"4":{"start":{"line":29,"column":23},"end":{"line":41,"column":4}},"5":{"start":{"line":30,"column":51},"end":{"line":30,"column":53}},"6":{"start":{"line":31,"column":4},"end":{"line":39,"column":7}},"7":{"start":{"line":32,"column":6},"end":{"line":38,"column":7}},"8":{"start":{"line":33,"column":8},"end":{"line":37,"column":11}},"9":{"start":{"line":34,"column":10},"end":{"line":36,"column":11}},"10":{"start":{"line":35,"column":12},"end":{"line":35,"column":43}},"11":{"start":{"line":40,"column":4},"end":{"line":40,"column":24}},"12":{"start":{"line":43,"column":2},"end":{"line":52,"column":4}},"13":{"start":{"line":45,"column":25},"end":{"line":45,"column":50}},"14":{"start":{"line":46,"column":6},"end":{"line":48,"column":7}},"15":{"start":{"line":47,"column":8},"end":{"line":47,"column":46}},"16":{"start":{"line":49,"column":6},"end":{"line":49,"column":17}},"17":{"start":{"line":60,"column":14},"end":{"line":60,"column":39}},"18":{"start":{"line":61,"column":2},"end":{"line":77,"column":5}},"19":{"start":{"line":62,"column":4},"end":{"line":76,"column":5}},"20":{"start":{"line":63,"column":43},"end":{"line":63,"column":45}},"21":{"start":{"line":64,"column":6},"end":{"line":66,"column":9}},"22":{"start":{"line":65,"column":8},"end":{"line":65,"column":35}},"23":{"start":{"line":67,"column":6},"end":{"line":75,"column":7}},"24":{"start":{"line":71,"column":8},"end":{"line":74,"column":11}},"25":{"start":{"line":78,"column":2},"end":{"line":78,"column":13}},"26":{"start":{"line":92,"column":2},"end":{"line":92,"column":37}},"27":{"start":{"line":94,"column":37},"end":{"line":94,"column":39}},"28":{"start":{"line":95,"column":35},"end":{"line":95,"column":37}},"29":{"start":{"line":97,"column":2},"end":{"line":105,"column":5}},"30":{"start":{"line":101,"column":8},"end":{"line":101,"column":52}},"31":{"start":{"line":102,"column":4},"end":{"line":102,"column":42}},"32":{"start":{"line":104,"column":4},"end":{"line":104,"column":71}},"33":{"start":{"line":107,"column":16},"end":{"line":114,"column":3}},"34":{"start":{"line":115,"column":2},"end":{"line":115,"column":37}},"35":{"start":{"line":127,"column":2},"end":{"line":129,"column":3}},"36":{"start":{"line":128,"column":4},"end":{"line":128,"column":16}},"37":{"start":{"line":131,"column":2},"end":{"line":136,"column":3}},"38":{"start":{"line":132,"column":18},"end":{"line":132,"column":51}},"39":{"start":{"line":133,"column":4},"end":{"line":135,"column":5}},"40":{"start":{"line":134,"column":6},"end":{"line":134,"column":19}},"41":{"start":{"line":137,"column":2},"end":{"line":137,"column":14}},"42":{"start":{"line":151,"column":2},"end":{"line":153,"column":3}},"43":{"start":{"line":152,"column":4},"end":{"line":152,"column":68}},"44":{"start":{"line":154,"column":2},"end":{"line":157,"column":3}},"45":{"start":{"line":155,"column":17},"end":{"line":155,"column":45}},"46":{"start":{"line":156,"column":4},"end":{"line":156,"column":49}},"47":{"start":{"line":158,"column":2},"end":{"line":163,"column":3}},"48":{"start":{"line":159,"column":4},"end":{"line":162,"column":6}},"49":{"start":{"line":164,"column":2},"end":{"line":166,"column":3}},"50":{"start":{"line":165,"column":4},"end":{"line":165,"column":47}},"51":{"start":{"line":167,"column":2},"end":{"line":170,"column":4}},"52":{"start":{"line":178,"column":15},"end":{"line":178,"column":56}},"53":{"start":{"line":179,"column":2},"end":{"line":183,"column":3}},"54":{"start":{"line":180,"column":4},"end":{"line":180,"column":34}},"55":{"start":{"line":182,"column":4},"end":{"line":182,"column":72}},"56":{"start":{"line":197,"column":33},"end":{"line":197,"column":35}},"57":{"start":{"line":199,"column":4},"end":{"line":217,"column":48}},"58":{"start":{"line":200,"column":6},"end":{"line":216,"column":7}},"59":{"start":{"line":201,"column":8},"end":{"line":201,"column":39}},"60":{"start":{"line":202,"column":13},"end":{"line":216,"column":7}},"61":{"start":{"line":203,"column":26},"end":{"line":203,"column":61}},"62":{"start":{"line":204,"column":8},"end":{"line":204,"column":42}},"63":{"start":{"line":205,"column":8},"end":{"line":205,"column":24}},"64":{"start":{"line":206,"column":13},"end":{"line":216,"column":7}},"65":{"start":{"line":207,"column":8},"end":{"line":207,"column":44}},"66":{"start":{"line":208,"column":13},"end":{"line":216,"column":7}},"67":{"start":{"line":209,"column":39},"end":{"line":213,"column":9}},"68":{"start":{"line":214,"column":8},"end":{"line":214,"column":40}},"69":{"start":{"line":215,"column":8},"end":{"line":215,"column":24}},"70":{"start":{"line":219,"column":2},"end":{"line":219,"column":65}},"71":{"start":{"line":227,"column":15},"end":{"line":227,"column":24}},"72":{"start":{"line":228,"column":25},"end":{"line":233,"column":12}},"73":{"start":{"line":235,"column":2},"end":{"line":240,"column":3}},"74":{"start":{"line":236,"column":4},"end":{"line":239,"column":6}},"75":{"start":{"line":242,"column":2},"end":{"line":256,"column":3}},"76":{"start":{"line":247,"column":6},"end":{"line":247,"column":48}},"77":{"start":{"line":250,"column":6},"end":{"line":250,"column":31}},"78":{"start":{"line":252,"column":6},"end":{"line":252,"column":22}},"79":{"start":{"line":255,"column":6},"end":{"line":255,"column":30}},"80":{"start":{"line":271,"column":49},"end":{"line":271,"column":51}},"81":{"start":{"line":272,"column":2},"end":{"line":280,"column":5}},"82":{"start":{"line":273,"column":4},"end":{"line":279,"column":5}},"83":{"start":{"line":274,"column":22},"end":{"line":274,"column":40}},"84":{"start":{"line":275,"column":24},"end":{"line":275,"column":42}},"85":{"start":{"line":276,"column":6},"end":{"line":278,"column":7}},"86":{"start":{"line":277,"column":8},"end":{"line":277,"column":42}},"87":{"start":{"line":282,"column":38},"end":{"line":282,"column":47}},"88":{"start":{"line":283,"column":17},"end":{"line":283,"column":22}},"89":{"start":{"line":284,"column":33},"end":{"line":284,"column":35}},"90":{"start":{"line":287,"column":2},"end":{"line":322,"column":3}},"91":{"start":{"line":288,"column":17},"end":{"line":288,"column":29}},"92":{"start":{"line":290,"column":4},"end":{"line":321,"column":5}},"93":{"start":{"line":292,"column":40},"end":{"line":294,"column":7}},"94":{"start":{"line":295,"column":6},"end":{"line":313,"column":7}},"95":{"start":{"line":296,"column":27},"end":{"line":296,"column":37}},"96":{"start":{"line":297,"column":8},"end":{"line":312,"column":9}},"97":{"start":{"line":298,"column":10},"end":{"line":298,"column":56}},"98":{"start":{"line":299,"column":15},"end":{"line":312,"column":9}},"99":{"start":{"line":300,"column":41},"end":{"line":304,"column":11}},"100":{"start":{"line":305,"column":10},"end":{"line":305,"column":36}},"101":{"start":{"line":306,"column":10},"end":{"line":306,"column":42}},"102":{"start":{"line":307,"column":15},"end":{"line":312,"column":9}},"103":{"start":{"line":308,"column":27},"end":{"line":308,"column":68}},"104":{"start":{"line":310,"column":10},"end":{"line":310,"column":63}},"105":{"start":{"line":311,"column":10},"end":{"line":311,"column":47}},"106":{"start":{"line":314,"column":6},"end":{"line":314,"column":36}},"107":{"start":{"line":315,"column":11},"end":{"line":321,"column":5}},"108":{"start":{"line":317,"column":34},"end":{"line":317,"column":65}},"109":{"start":{"line":318,"column":6},"end":{"line":318,"column":27}},"110":{"start":{"line":319,"column":6},"end":{"line":319,"column":22}},"111":{"start":{"line":320,"column":6},"end":{"line":320,"column":36}},"112":{"start":{"line":325,"column":2},"end":{"line":365,"column":3}},"113":{"start":{"line":326,"column":17},"end":{"line":326,"column":29}},"114":{"start":{"line":329,"column":4},"end":{"line":334,"column":5}},"115":{"start":{"line":330,"column":6},"end":{"line":333,"column":8}},"116":{"start":{"line":337,"column":67},"end":{"line":337,"column":69}},"117":{"start":{"line":338,"column":4},"end":{"line":349,"column":7}},"118":{"start":{"line":339,"column":6},"end":{"line":347,"column":7}},"119":{"start":{"line":343,"column":8},"end":{"line":346,"column":10}},"120":{"start":{"line":348,"column":6},"end":{"line":348,"column":37}},"121":{"start":{"line":351,"column":21},"end":{"line":351,"column":65}},"122":{"start":{"line":352,"column":25},"end":{"line":352,"column":74}},"123":{"start":{"line":354,"column":4},"end":{"line":354,"column":35}},"124":{"start":{"line":356,"column":19},"end":{"line":360,"column":6}},"125":{"start":{"line":357,"column":6},"end":{"line":359,"column":7}},"126":{"start":{"line":358,"column":8},"end":{"line":358,"column":20}},"127":{"start":{"line":361,"column":4},"end":{"line":363,"column":5}},"128":{"start":{"line":362,"column":6},"end":{"line":362,"column":67}},"129":{"start":{"line":364,"column":4},"end":{"line":364,"column":53}},"130":{"start":{"line":368,"column":2},"end":{"line":373,"column":3}},"131":{"start":{"line":369,"column":17},"end":{"line":369,"column":33}},"132":{"start":{"line":370,"column":4},"end":{"line":372,"column":5}},"133":{"start":{"line":371,"column":6},"end":{"line":371,"column":22}},"134":{"start":{"line":376,"column":2},"end":{"line":381,"column":3}},"135":{"start":{"line":378,"column":21},"end":{"line":378,"column":62}},"136":{"start":{"line":379,"column":4},"end":{"line":379,"column":47}},"137":{"start":{"line":380,"column":4},"end":{"line":380,"column":41}},"138":{"start":{"line":383,"column":2},"end":{"line":383,"column":61}}},"fnMap":{"0":{"name":"createTopLevelVariableMap","decl":{"start":{"line":21,"column":16},"end":{"line":21,"column":41}},"loc":{"start":{"line":21,"column":69},"end":{"line":53,"column":1}},"line":21},"1":{"name":"(anonymous_1)","decl":{"start":{"line":23,"column":30},"end":{"line":23,"column":31}},"loc":{"start":{"line":23,"column":40},"end":{"line":27,"column":3}},"line":23},"2":{"name":"(anonymous_2)","decl":{"start":{"line":29,"column":42},"end":{"line":29,"column":43}},"loc":{"start":{"line":29,"column":57},"end":{"line":41,"column":3}},"line":29},"3":{"name":"(anonymous_3)","decl":{"start":{"line":31,"column":27},"end":{"line":31,"column":28}},"loc":{"start":{"line":31,"column":37},"end":{"line":39,"column":5}},"line":31},"4":{"name":"(anonymous_4)","decl":{"start":{"line":33,"column":26},"end":{"line":33,"column":27}},"loc":{"start":{"line":33,"column":43},"end":{"line":37,"column":9}},"line":33},"5":{"name":"(anonymous_5)","decl":{"start":{"line":44,"column":4},"end":{"line":44,"column":5}},"loc":{"start":{"line":44,"column":26},"end":{"line":50,"column":5}},"line":44},"6":{"name":"traverseObject","decl":{"start":{"line":59,"column":16},"end":{"line":59,"column":30}},"loc":{"start":{"line":59,"column":65},"end":{"line":79,"column":1}},"line":59},"7":{"name":"(anonymous_7)","decl":{"start":{"line":61,"column":20},"end":{"line":61,"column":21}},"loc":{"start":{"line":61,"column":31},"end":{"line":77,"column":3}},"line":61},"8":{"name":"(anonymous_8)","decl":{"start":{"line":64,"column":25},"end":{"line":64,"column":26}},"loc":{"start":{"line":64,"column":33},"end":{"line":66,"column":7}},"line":64},"9":{"name":"createInterface","decl":{"start":{"line":87,"column":16},"end":{"line":87,"column":31}},"loc":{"start":{"line":91,"column":40},"end":{"line":116,"column":1}},"line":91},"10":{"name":"(anonymous_10)","decl":{"start":{"line":97,"column":14},"end":{"line":97,"column":15}},"loc":{"start":{"line":97,"column":31},"end":{"line":105,"column":3}},"line":97},"11":{"name":"findObjectLiteral","decl":{"start":{"line":123,"column":16},"end":{"line":123,"column":33}},"loc":{"start":{"line":126,"column":37},"end":{"line":138,"column":1}},"line":126},"12":{"name":"parseField","decl":{"start":{"line":146,"column":9},"end":{"line":146,"column":19}},"loc":{"start":{"line":150,"column":15},"end":{"line":171,"column":1}},"line":150},"13":{"name":"processPropertyAccess","decl":{"start":{"line":177,"column":9},"end":{"line":177,"column":30}},"loc":{"start":{"line":177,"column":66},"end":{"line":184,"column":1}},"line":177},"14":{"name":"processArrayLiteral","decl":{"start":{"line":192,"column":9},"end":{"line":192,"column":28}},"loc":{"start":{"line":196,"column":33},"end":{"line":220,"column":1}},"line":196},"15":{"name":"(anonymous_15)","decl":{"start":{"line":199,"column":22},"end":{"line":199,"column":23}},"loc":{"start":{"line":199,"column":33},"end":{"line":217,"column":5}},"line":199},"16":{"name":"processIdentifer","decl":{"start":{"line":226,"column":9},"end":{"line":226,"column":25}},"loc":{"start":{"line":226,"column":47},"end":{"line":257,"column":1}},"line":226},"17":{"name":"processObject","decl":{"start":{"line":265,"column":16},"end":{"line":265,"column":29}},"loc":{"start":{"line":269,"column":15},"end":{"line":384,"column":1}},"line":269},"18":{"name":"(anonymous_18)","decl":{"start":{"line":272,"column":20},"end":{"line":272,"column":21}},"loc":{"start":{"line":272,"column":30},"end":{"line":280,"column":3}},"line":272},"19":{"name":"(anonymous_19)","decl":{"start":{"line":338,"column":22},"end":{"line":338,"column":23}},"loc":{"start":{"line":338,"column":39},"end":{"line":349,"column":5}},"line":338},"20":{"name":"(anonymous_20)","decl":{"start":{"line":356,"column":45},"end":{"line":356,"column":46}},"loc":{"start":{"line":356,"column":55},"end":{"line":360,"column":5}},"line":356}},"branchMap":{"0":{"loc":{"start":{"line":24,"column":4},"end":{"line":26,"column":5}},"type":"if","locations":[{"start":{"line":24,"column":4},"end":{"line":26,"column":5}},{"start":{},"end":{}}],"line":24},"1":{"loc":{"start":{"line":32,"column":6},"end":{"line":38,"column":7}},"type":"if","locations":[{"start":{"line":32,"column":6},"end":{"line":38,"column":7}},{"start":{},"end":{}}],"line":32},"2":{"loc":{"start":{"line":34,"column":10},"end":{"line":36,"column":11}},"type":"if","locations":[{"start":{"line":34,"column":10},"end":{"line":36,"column":11}},{"start":{},"end":{}}],"line":34},"3":{"loc":{"start":{"line":46,"column":6},"end":{"line":48,"column":7}},"type":"if","locations":[{"start":{"line":46,"column":6},"end":{"line":48,"column":7}},{"start":{},"end":{}}],"line":46},"4":{"loc":{"start":{"line":62,"column":4},"end":{"line":76,"column":5}},"type":"if","locations":[{"start":{"line":62,"column":4},"end":{"line":76,"column":5}},{"start":{},"end":{}}],"line":62},"5":{"loc":{"start":{"line":67,"column":6},"end":{"line":75,"column":7}},"type":"if","locations":[{"start":{"line":67,"column":6},"end":{"line":75,"column":7}},{"start":{},"end":{}}],"line":67},"6":{"loc":{"start":{"line":68,"column":8},"end":{"line":69,"column":47}},"type":"binary-expr","locations":[{"start":{"line":68,"column":8},"end":{"line":68,"column":45}},{"start":{"line":69,"column":8},"end":{"line":69,"column":47}}],"line":68},"7":{"loc":{"start":{"line":127,"column":2},"end":{"line":129,"column":3}},"type":"if","locations":[{"start":{"line":127,"column":2},"end":{"line":129,"column":3}},{"start":{},"end":{}}],"line":127},"8":{"loc":{"start":{"line":133,"column":4},"end":{"line":135,"column":5}},"type":"if","locations":[{"start":{"line":133,"column":4},"end":{"line":135,"column":5}},{"start":{},"end":{}}],"line":133},"9":{"loc":{"start":{"line":151,"column":2},"end":{"line":153,"column":3}},"type":"if","locations":[{"start":{"line":151,"column":2},"end":{"line":153,"column":3}},{"start":{},"end":{}}],"line":151},"10":{"loc":{"start":{"line":154,"column":2},"end":{"line":157,"column":3}},"type":"if","locations":[{"start":{"line":154,"column":2},"end":{"line":157,"column":3}},{"start":{},"end":{}}],"line":154},"11":{"loc":{"start":{"line":158,"column":2},"end":{"line":163,"column":3}},"type":"if","locations":[{"start":{"line":158,"column":2},"end":{"line":163,"column":3}},{"start":{},"end":{}}],"line":158},"12":{"loc":{"start":{"line":164,"column":2},"end":{"line":166,"column":3}},"type":"if","locations":[{"start":{"line":164,"column":2},"end":{"line":166,"column":3}},{"start":{},"end":{}}],"line":164},"13":{"loc":{"start":{"line":179,"column":2},"end":{"line":183,"column":3}},"type":"if","locations":[{"start":{"line":179,"column":2},"end":{"line":183,"column":3}},{"start":{"line":181,"column":9},"end":{"line":183,"column":3}}],"line":179},"14":{"loc":{"start":{"line":199,"column":4},"end":{"line":217,"column":48}},"type":"binary-expr","locations":[{"start":{"line":199,"column":4},"end":{"line":217,"column":6}},{"start":{"line":217,"column":10},"end":{"line":217,"column":48}}],"line":199},"15":{"loc":{"start":{"line":200,"column":6},"end":{"line":216,"column":7}},"type":"if","locations":[{"start":{"line":200,"column":6},"end":{"line":216,"column":7}},{"start":{"line":202,"column":13},"end":{"line":216,"column":7}}],"line":200},"16":{"loc":{"start":{"line":202,"column":13},"end":{"line":216,"column":7}},"type":"if","locations":[{"start":{"line":202,"column":13},"end":{"line":216,"column":7}},{"start":{"line":206,"column":13},"end":{"line":216,"column":7}}],"line":202},"17":{"loc":{"start":{"line":206,"column":13},"end":{"line":216,"column":7}},"type":"if","locations":[{"start":{"line":206,"column":13},"end":{"line":216,"column":7}},{"start":{"line":208,"column":13},"end":{"line":216,"column":7}}],"line":206},"18":{"loc":{"start":{"line":208,"column":13},"end":{"line":216,"column":7}},"type":"if","locations":[{"start":{"line":208,"column":13},"end":{"line":216,"column":7}},{"start":{},"end":{}}],"line":208},"19":{"loc":{"start":{"line":235,"column":2},"end":{"line":240,"column":3}},"type":"if","locations":[{"start":{"line":235,"column":2},"end":{"line":240,"column":3}},{"start":{},"end":{}}],"line":235},"20":{"loc":{"start":{"line":242,"column":2},"end":{"line":256,"column":3}},"type":"switch","locations":[{"start":{"line":243,"column":4},"end":{"line":243,"column":18}},{"start":{"line":244,"column":4},"end":{"line":244,"column":18}},{"start":{"line":245,"column":4},"end":{"line":245,"column":17}},{"start":{"line":246,"column":4},"end":{"line":247,"column":48}},{"start":{"line":248,"column":4},"end":{"line":248,"column":20}},{"start":{"line":249,"column":4},"end":{"line":250,"column":31}},{"start":{"line":251,"column":4},"end":{"line":252,"column":22}},{"start":{"line":253,"column":4},"end":{"line":253,"column":18}},{"start":{"line":254,"column":4},"end":{"line":255,"column":30}}],"line":242},"21":{"loc":{"start":{"line":273,"column":4},"end":{"line":279,"column":5}},"type":"if","locations":[{"start":{"line":273,"column":4},"end":{"line":279,"column":5}},{"start":{},"end":{}}],"line":273},"22":{"loc":{"start":{"line":276,"column":6},"end":{"line":278,"column":7}},"type":"if","locations":[{"start":{"line":276,"column":6},"end":{"line":278,"column":7}},{"start":{},"end":{}}],"line":276},"23":{"loc":{"start":{"line":287,"column":2},"end":{"line":322,"column":3}},"type":"if","locations":[{"start":{"line":287,"column":2},"end":{"line":322,"column":3}},{"start":{},"end":{}}],"line":287},"24":{"loc":{"start":{"line":290,"column":4},"end":{"line":321,"column":5}},"type":"if","locations":[{"start":{"line":290,"column":4},"end":{"line":321,"column":5}},{"start":{"line":315,"column":11},"end":{"line":321,"column":5}}],"line":290},"25":{"loc":{"start":{"line":290,"column":8},"end":{"line":290,"column":52}},"type":"binary-expr","locations":[{"start":{"line":290,"column":8},"end":{"line":290,"column":29}},{"start":{"line":290,"column":33},"end":{"line":290,"column":52}}],"line":290},"26":{"loc":{"start":{"line":295,"column":6},"end":{"line":313,"column":7}},"type":"if","locations":[{"start":{"line":295,"column":6},"end":{"line":313,"column":7}},{"start":{},"end":{}}],"line":295},"27":{"loc":{"start":{"line":297,"column":8},"end":{"line":312,"column":9}},"type":"if","locations":[{"start":{"line":297,"column":8},"end":{"line":312,"column":9}},{"start":{"line":299,"column":15},"end":{"line":312,"column":9}}],"line":297},"28":{"loc":{"start":{"line":299,"column":15},"end":{"line":312,"column":9}},"type":"if","locations":[{"start":{"line":299,"column":15},"end":{"line":312,"column":9}},{"start":{"line":307,"column":15},"end":{"line":312,"column":9}}],"line":299},"29":{"loc":{"start":{"line":307,"column":15},"end":{"line":312,"column":9}},"type":"if","locations":[{"start":{"line":307,"column":15},"end":{"line":312,"column":9}},{"start":{},"end":{}}],"line":307},"30":{"loc":{"start":{"line":315,"column":11},"end":{"line":321,"column":5}},"type":"if","locations":[{"start":{"line":315,"column":11},"end":{"line":321,"column":5}},{"start":{},"end":{}}],"line":315},"31":{"loc":{"start":{"line":325,"column":2},"end":{"line":365,"column":3}},"type":"if","locations":[{"start":{"line":325,"column":2},"end":{"line":365,"column":3}},{"start":{},"end":{}}],"line":325},"32":{"loc":{"start":{"line":329,"column":4},"end":{"line":334,"column":5}},"type":"if","locations":[{"start":{"line":329,"column":4},"end":{"line":334,"column":5}},{"start":{},"end":{}}],"line":329},"33":{"loc":{"start":{"line":339,"column":6},"end":{"line":347,"column":7}},"type":"if","locations":[{"start":{"line":339,"column":6},"end":{"line":347,"column":7}},{"start":{},"end":{}}],"line":339},"34":{"loc":{"start":{"line":340,"column":8},"end":{"line":341,"column":41}},"type":"binary-expr","locations":[{"start":{"line":340,"column":8},"end":{"line":340,"column":40}},{"start":{"line":341,"column":8},"end":{"line":341,"column":41}}],"line":340},"35":{"loc":{"start":{"line":357,"column":6},"end":{"line":359,"column":7}},"type":"if","locations":[{"start":{"line":357,"column":6},"end":{"line":359,"column":7}},{"start":{},"end":{}}],"line":357},"36":{"loc":{"start":{"line":361,"column":4},"end":{"line":363,"column":5}},"type":"if","locations":[{"start":{"line":361,"column":4},"end":{"line":363,"column":5}},{"start":{},"end":{}}],"line":361},"37":{"loc":{"start":{"line":368,"column":2},"end":{"line":373,"column":3}},"type":"if","locations":[{"start":{"line":368,"column":2},"end":{"line":373,"column":3}},{"start":{},"end":{}}],"line":368},"38":{"loc":{"start":{"line":370,"column":4},"end":{"line":372,"column":5}},"type":"if","locations":[{"start":{"line":370,"column":4},"end":{"line":372,"column":5}},{"start":{},"end":{}}],"line":370},"39":{"loc":{"start":{"line":376,"column":2},"end":{"line":381,"column":3}},"type":"if","locations":[{"start":{"line":376,"column":2},"end":{"line":381,"column":3}},{"start":{},"end":{}}],"line":376}},"s":{"0":1,"1":1,"2":2,"3":1,"4":1,"5":1,"6":1,"7":1,"8":1,"9":1,"10":1,"11":1,"12":1,"13":1,"14":1,"15":1,"16":1,"17":2,"18":2,"19":3,"20":3,"21":3,"22":6,"23":3,"24":3,"25":2,"26":2,"27":2,"28":2,"29":2,"30":3,"31":3,"32":3,"33":2,"34":2,"35":12,"36":1,"37":11,"38":11,"39":11,"40":3,"41":8,"42":3,"43":2,"44":1,"45":0,"46":0,"47":1,"48":1,"49":0,"50":0,"51":0,"52":0,"53":0,"54":0,"55":0,"56":1,"57":1,"58":2,"59":0,"60":2,"61":0,"62":0,"63":0,"64":2,"65":0,"66":2,"67":0,"68":0,"69":0,"70":1,"71":2,"72":2,"73":2,"74":0,"75":2,"76":2,"77":0,"78":0,"79":0,"80":0,"81":0,"82":0,"83":0,"84":0,"85":0,"86":0,"87":0,"88":0,"89":0,"90":0,"91":0,"92":0,"93":0,"94":0,"95":0,"96":0,"97":0,"98":0,"99":0,"100":0,"101":0,"102":0,"103":0,"104":0,"105":0,"106":0,"107":0,"108":0,"109":0,"110":0,"111":0,"112":0,"113":0,"114":0,"115":0,"116":0,"117":0,"118":0,"119":0,"120":0,"121":0,"122":0,"123":0,"124":0,"125":0,"126":0,"127":0,"128":0,"129":0,"130":0,"131":0,"132":0,"133":0,"134":0,"135":0,"136":0,"137":0,"138":0},"f":{"0":1,"1":2,"2":1,"3":1,"4":1,"5":1,"6":2,"7":3,"8":6,"9":2,"10":3,"11":12,"12":3,"13":0,"14":1,"15":2,"16":2,"17":0,"18":0,"19":0,"20":0},"b":{"0":[1,1],"1":[1,0],"2":[1,0],"3":[1,0],"4":[3,0],"5":[3,0],"6":[3,3],"7":[1,11],"8":[3,8],"9":[2,1],"10":[0,1],"11":[1,0],"12":[0,0],"13":[0,0],"14":[1,1],"15":[0,2],"16":[0,2],"17":[0,2],"18":[0,2],"19":[0,2],"20":[1,1,2,2,0,0,0,0,0],"21":[0,0],"22":[0,0],"23":[0,0],"24":[0,0],"25":[0,0],"26":[0,0],"27":[0,0],"28":[0,0],"29":[0,0],"30":[0,0],"31":[0,0],"32":[0,0],"33":[0,0],"34":[0,0],"35":[0,0],"36":[0,0],"37":[0,0],"38":[0,0],"39":[0,0]},"_coverageSchema":"1a1c01bbd47fc00a2c39e90264f33305004495a9","hash":"ba00471284394667bd6cbe652dc287aa11cecac8"}
,"/Users/enochchau/Gatsby/mongoose-avro-parser/src/schema.ts": {"path":"/Users/enochchau/Gatsby/mongoose-avro-parser/src/schema.ts","statementMap":{"0":{"start":{"line":10,"column":33},"end":{"line":10,"column":35}},"1":{"start":{"line":11,"column":2},"end":{"line":18,"column":5}},"2":{"start":{"line":12,"column":4},"end":{"line":17,"column":5}},"3":{"start":{"line":13,"column":6},"end":{"line":16,"column":9}},"4":{"start":{"line":19,"column":2},"end":{"line":19,"column":20}},"5":{"start":{"line":27,"column":2},"end":{"line":49,"column":3}},"6":{"start":{"line":29,"column":4},"end":{"line":48,"column":5}},"7":{"start":{"line":30,"column":6},"end":{"line":47,"column":7}},"8":{"start":{"line":31,"column":8},"end":{"line":46,"column":9}},"9":{"start":{"line":32,"column":10},"end":{"line":34,"column":11}},"10":{"start":{"line":33,"column":12},"end":{"line":33,"column":24}},"11":{"start":{"line":35,"column":15},"end":{"line":46,"column":9}},"12":{"start":{"line":36,"column":29},"end":{"line":36,"column":55}},"13":{"start":{"line":37,"column":27},"end":{"line":37,"column":53}},"14":{"start":{"line":38,"column":10},"end":{"line":45,"column":11}},"15":{"start":{"line":44,"column":12},"end":{"line":44,"column":24}},"16":{"start":{"line":50,"column":2},"end":{"line":50,"column":15}},"17":{"start":{"line":58,"column":2},"end":{"line":67,"column":5}},"18":{"start":{"line":59,"column":30},"end":{"line":59,"column":54}},"19":{"start":{"line":60,"column":4},"end":{"line":61,"column":61}},"20":{"start":{"line":61,"column":6},"end":{"line":61,"column":61}},"21":{"start":{"line":62,"column":4},"end":{"line":66,"column":6}},"22":{"start":{"line":74,"column":58},"end":{"line":74,"column":60}},"23":{"start":{"line":75,"column":2},"end":{"line":88,"column":3}},"24":{"start":{"line":76,"column":4},"end":{"line":87,"column":5}},"25":{"start":{"line":77,"column":21},"end":{"line":77,"column":37}},"26":{"start":{"line":78,"column":6},"end":{"line":86,"column":7}},"27":{"start":{"line":79,"column":8},"end":{"line":85,"column":9}},"28":{"start":{"line":80,"column":10},"end":{"line":84,"column":11}},"29":{"start":{"line":81,"column":12},"end":{"line":83,"column":13}},"30":{"start":{"line":82,"column":14},"end":{"line":82,"column":54}},"31":{"start":{"line":89,"column":2},"end":{"line":89,"column":27}}},"fnMap":{"0":{"name":"filterVarMap","decl":{"start":{"line":9,"column":16},"end":{"line":9,"column":28}},"loc":{"start":{"line":9,"column":71},"end":{"line":20,"column":1}},"line":9},"1":{"name":"(anonymous_1)","decl":{"start":{"line":11,"column":14},"end":{"line":11,"column":15}},"loc":{"start":{"line":11,"column":30},"end":{"line":18,"column":3}},"line":11},"2":{"name":"isSchemaObjectNode","decl":{"start":{"line":26,"column":9},"end":{"line":26,"column":27}},"loc":{"start":{"line":26,"column":65},"end":{"line":51,"column":1}},"line":26},"3":{"name":"mapToObject","decl":{"start":{"line":57,"column":16},"end":{"line":57,"column":27}},"loc":{"start":{"line":57,"column":52},"end":{"line":68,"column":1}},"line":57},"4":{"name":"(anonymous_4)","decl":{"start":{"line":58,"column":43},"end":{"line":58,"column":44}},"loc":{"start":{"line":58,"column":63},"end":{"line":67,"column":3}},"line":58},"5":{"name":"findObjectLiterals","decl":{"start":{"line":73,"column":9},"end":{"line":73,"column":27}},"loc":{"start":{"line":73,"column":65},"end":{"line":90,"column":1}},"line":73}},"branchMap":{"0":{"loc":{"start":{"line":12,"column":4},"end":{"line":17,"column":5}},"type":"if","locations":[{"start":{"line":12,"column":4},"end":{"line":17,"column":5}},{"start":{},"end":{}}],"line":12},"1":{"loc":{"start":{"line":29,"column":4},"end":{"line":48,"column":5}},"type":"if","locations":[{"start":{"line":29,"column":4},"end":{"line":48,"column":5}},{"start":{},"end":{}}],"line":29},"2":{"loc":{"start":{"line":31,"column":8},"end":{"line":46,"column":9}},"type":"if","locations":[{"start":{"line":31,"column":8},"end":{"line":46,"column":9}},{"start":{"line":35,"column":15},"end":{"line":46,"column":9}}],"line":31},"3":{"loc":{"start":{"line":32,"column":10},"end":{"line":34,"column":11}},"type":"if","locations":[{"start":{"line":32,"column":10},"end":{"line":34,"column":11}},{"start":{},"end":{}}],"line":32},"4":{"loc":{"start":{"line":35,"column":15},"end":{"line":46,"column":9}},"type":"if","locations":[{"start":{"line":35,"column":15},"end":{"line":46,"column":9}},{"start":{},"end":{}}],"line":35},"5":{"loc":{"start":{"line":38,"column":10},"end":{"line":45,"column":11}},"type":"if","locations":[{"start":{"line":38,"column":10},"end":{"line":45,"column":11}},{"start":{},"end":{}}],"line":38},"6":{"loc":{"start":{"line":39,"column":12},"end":{"line":42,"column":38}},"type":"binary-expr","locations":[{"start":{"line":39,"column":12},"end":{"line":39,"column":39}},{"start":{"line":40,"column":12},"end":{"line":40,"column":37}},{"start":{"line":41,"column":12},"end":{"line":41,"column":42}},{"start":{"line":42,"column":12},"end":{"line":42,"column":38}}],"line":39},"7":{"loc":{"start":{"line":60,"column":4},"end":{"line":61,"column":61}},"type":"if","locations":[{"start":{"line":60,"column":4},"end":{"line":61,"column":61}},{"start":{},"end":{}}],"line":60},"8":{"loc":{"start":{"line":76,"column":4},"end":{"line":87,"column":5}},"type":"if","locations":[{"start":{"line":76,"column":4},"end":{"line":87,"column":5}},{"start":{},"end":{}}],"line":76},"9":{"loc":{"start":{"line":79,"column":8},"end":{"line":85,"column":9}},"type":"if","locations":[{"start":{"line":79,"column":8},"end":{"line":85,"column":9}},{"start":{},"end":{}}],"line":79},"10":{"loc":{"start":{"line":81,"column":12},"end":{"line":83,"column":13}},"type":"if","locations":[{"start":{"line":81,"column":12},"end":{"line":83,"column":13}},{"start":{},"end":{}}],"line":81}},"s":{"0":1,"1":1,"2":1,"3":1,"4":1,"5":1,"6":3,"7":1,"8":2,"9":0,"10":0,"11":2,"12":1,"13":1,"14":1,"15":1,"16":0,"17":0,"18":0,"19":0,"20":0,"21":0,"22":0,"23":0,"24":0,"25":0,"26":0,"27":0,"28":0,"29":0,"30":0,"31":0},"f":{"0":1,"1":1,"2":1,"3":0,"4":0,"5":0},"b":{"0":[1,0],"1":[1,2],"2":[0,2],"3":[0,0],"4":[1,1],"5":[1,0],"6":[1,1,1,1],"7":[0,0],"8":[0,0],"9":[0,0],"10":[0,0]},"_coverageSchema":"1a1c01bbd47fc00a2c39e90264f33305004495a9","hash":"443e86fe515ab54a9c569e60d8249a9ea09188d7"}
,"/Users/enochchau/Gatsby/mongoose-avro-parser/src/textStyle.ts": {"path":"/Users/enochchau/Gatsby/mongoose-avro-parser/src/textStyle.ts","statementMap":{"0":{"start":{"line":9,"column":2},"end":{"line":18,"column":3}},"1":{"start":{"line":11,"column":6},"end":{"line":11,"column":23}},"2":{"start":{"line":13,"column":6},"end":{"line":13,"column":24}},"3":{"start":{"line":15,"column":6},"end":{"line":15,"column":56}},"4":{"start":{"line":15,"column":30},"end":{"line":15,"column":55}},"5":{"start":{"line":17,"column":6},"end":{"line":17,"column":34}},"6":{"start":{"line":17,"column":30},"end":{"line":17,"column":33}}},"fnMap":{"0":{"name":"convertTextStyleFn","decl":{"start":{"line":8,"column":16},"end":{"line":8,"column":34}},"loc":{"start":{"line":8,"column":78},"end":{"line":19,"column":1}},"line":8},"1":{"name":"(anonymous_1)","decl":{"start":{"line":15,"column":13},"end":{"line":15,"column":14}},"loc":{"start":{"line":15,"column":30},"end":{"line":15,"column":55}},"line":15},"2":{"name":"(anonymous_2)","decl":{"start":{"line":17,"column":13},"end":{"line":17,"column":14}},"loc":{"start":{"line":17,"column":30},"end":{"line":17,"column":33}},"line":17}},"branchMap":{"0":{"loc":{"start":{"line":9,"column":2},"end":{"line":18,"column":3}},"type":"switch","locations":[{"start":{"line":10,"column":4},"end":{"line":11,"column":23}},{"start":{"line":12,"column":4},"end":{"line":13,"column":24}},{"start":{"line":14,"column":4},"end":{"line":15,"column":56}},{"start":{"line":16,"column":4},"end":{"line":17,"column":34}}],"line":9}},"s":{"0":6,"1":0,"2":4,"3":0,"4":0,"5":2,"6":1},"f":{"0":6,"1":0,"2":1},"b":{"0":[0,4,0,2]},"_coverageSchema":"1a1c01bbd47fc00a2c39e90264f33305004495a9","hash":"89a890fb097bf447b3ea60ec673e1cfdad210734"}
,"/Users/enochchau/Gatsby/mongoose-avro-parser/src/types.ts": {"path":"/Users/enochchau/Gatsby/mongoose-avro-parser/src/types.ts","statementMap":{"0":{"start":{"line":25,"column":23},"end":{"line":35,"column":10}}},"fnMap":{},"branchMap":{},"s":{"0":2},"f":{},"b":{},"_coverageSchema":"1a1c01bbd47fc00a2c39e90264f33305004495a9","hash":"e3b14fe08bfc4fc59cc6c87ee226f46222f5c2b9"}
}
