TN:
SF:dist/helpers.js
FN:9,findUnusedName
FNF:1
FNH:1
FNDA:1,findUnusedName
DA:2,1
DA:3,1
DA:10,1
DA:11,1
DA:12,3
DA:14,1
DA:16,1
LF:7
LH:7
BRF:0
BRH:0
end_of_record
TN:
SF:src/config.ts
FNF:0
FNH:0
DA:1,3
LF:1
LH:1
BRF:0
BRH:0
end_of_record
TN:
SF:src/error.ts
FN:7,(anonymous_0)
FN:13,tsNodeErrorHandler
FNF:2
FNH:1
FNDA:1,(anonymous_0)
FNDA:0,tsNodeErrorHandler
DA:8,1
DA:9,1
DA:14,0
DA:17,0
DA:23,0
DA:24,0
LF:6
LH:2
BRDA:23,0,0,0
BRDA:23,0,1,0
BRF:2
BRH:0
end_of_record
TN:
SF:src/gen.ts
FN:11,genPrimitive
FN:19,genMap
FN:34,genTypeRef
FN:44,genMTypeRef
FN:60,genMImport
FN:89,genEnum
FN:96,(anonymous_6)
FN:118,genPropertySignature
FN:154,genPropertyInterface
FN:164,(anonymous_9)
FN:177,genTypeRefForInterface
FN:178,(anonymous_11)
FNF:12
FNH:12
FNDA:4,genPrimitive
FNDA:2,genMap
FNDA:2,genTypeRef
FNDA:1,genMTypeRef
FNDA:3,genMImport
FNDA:1,genEnum
FNDA:2,(anonymous_6)
FNDA:4,genPropertySignature
FNDA:1,genPropertyInterface
FNDA:1,(anonymous_9)
FNDA:1,genTypeRefForInterface
FNDA:1,(anonymous_11)
DA:12,4
DA:20,2
DA:21,1
DA:23,2
DA:35,2
DA:37,2
DA:45,1
DA:61,3
DA:73,3
DA:74,2
DA:80,1
DA:94,1
DA:96,1
DA:97,2
DA:103,1
DA:124,4
DA:128,4
DA:131,4
DA:132,3
DA:133,3
DA:140,4
DA:160,1
DA:161,1
DA:162,1
DA:163,1
DA:164,1
DA:165,1
DA:167,1
DA:168,0
DA:170,1
DA:178,1
DA:179,1
DA:181,1
DA:182,0
DA:184,1
LF:35
LH:33
BRDA:20,0,0,1
BRDA:20,0,1,1
BRDA:35,1,0,0
BRDA:35,1,1,2
BRDA:60,2,0,1
BRDA:73,3,0,2
BRDA:73,3,1,1
BRDA:94,4,0,0
BRDA:94,4,1,1
BRDA:124,5,0,0
BRDA:124,5,1,4
BRDA:131,6,0,3
BRDA:131,6,1,1
BRDA:131,7,0,4
BRDA:131,7,1,3
BRDA:165,8,0,1
BRDA:165,8,1,0
BRDA:167,9,0,0
BRDA:167,9,1,1
BRDA:179,10,0,1
BRDA:179,10,1,0
BRDA:181,11,0,0
BRDA:181,11,1,1
BRF:23
BRH:16
end_of_record
TN:
SF:src/guards.ts
FN:8,isMType
FN:19,isValidMFieldNode
FNF:2
FNH:2
FNDA:2,isMType
FNDA:3,isValidMFieldNode
DA:9,2
DA:10,15
DA:12,0
DA:26,3
LF:4
LH:3
BRDA:10,0,0,2
BRDA:10,0,1,13
BRDA:27,1,0,3
BRDA:27,1,1,1
BRDA:27,1,2,1
BRDA:27,1,3,0
BRF:6
BRH:5
end_of_record
TN:
SF:src/helpers.ts
FN:6,findUnusedName
FNF:1
FNH:1
FNDA:3,findUnusedName
DA:7,3
DA:8,3
DA:9,3
DA:11,3
LF:4
LH:4
BRF:0
BRH:0
end_of_record
TN:
SF:src/index.ts
FN:25,(anonymous_0)
FN:37,processSourceFile
FN:50,(anonymous_2)
FNF:3
FNH:3
FNDA:1,(anonymous_0)
FNDA:1,processSourceFile
FNDA:1,(anonymous_2)
DA:15,1
DA:16,1
DA:17,1
DA:18,1
DA:20,1
DA:25,1
DA:26,1
DA:27,1
DA:28,0
DA:29,0
DA:30,0
DA:31,0
DA:33,0
DA:35,1
DA:43,1
DA:44,1
DA:46,1
DA:49,1
DA:50,1
DA:51,1
DA:52,1
DA:53,1
DA:54,1
DA:55,1
DA:56,1
DA:60,1
DA:61,1
DA:63,0
DA:64,0
DA:66,0
LF:30
LH:22
BRDA:27,0,0,1
BRDA:27,0,1,0
BRDA:29,1,0,0
BRDA:29,1,1,0
BRDA:52,2,0,1
BRDA:52,2,1,0
BRDA:63,3,0,0
BRDA:63,3,1,0
BRF:8
BRH:2
end_of_record
TN:
SF:src/options.ts
FN:8,parseOptions
FNF:1
FNH:1
FNDA:3,parseOptions
DA:9,3
LF:1
LH:1
BRDA:10,0,0,3
BRDA:10,0,1,1
BRDA:11,1,0,3
BRDA:11,1,1,1
BRF:4
BRH:4
end_of_record
TN:
SF:src/processors.ts
FN:21,createTopLevelVariableMap
FN:23,(anonymous_1)
FN:29,(anonymous_2)
FN:31,(anonymous_3)
FN:33,(anonymous_4)
FN:44,(anonymous_5)
FN:59,traverseObject
FN:61,(anonymous_7)
FN:64,(anonymous_8)
FN:87,createInterface
FN:97,(anonymous_10)
FN:123,findObjectLiteral
FN:146,parseField
FN:177,processPropertyAccess
FN:192,processArrayLiteral
FN:199,(anonymous_15)
FN:226,processIdentifer
FN:265,processObject
FN:272,(anonymous_18)
FN:338,(anonymous_19)
FN:356,(anonymous_20)
FNF:21
FNH:16
FNDA:1,createTopLevelVariableMap
FNDA:2,(anonymous_1)
FNDA:1,(anonymous_2)
FNDA:1,(anonymous_3)
FNDA:1,(anonymous_4)
FNDA:1,(anonymous_5)
FNDA:2,traverseObject
FNDA:3,(anonymous_7)
FNDA:6,(anonymous_8)
FNDA:2,createInterface
FNDA:3,(anonymous_10)
FNDA:12,findObjectLiteral
FNDA:3,parseField
FNDA:0,processPropertyAccess
FNDA:1,processArrayLiteral
FNDA:2,(anonymous_15)
FNDA:2,processIdentifer
FNDA:0,processObject
FNDA:0,(anonymous_18)
FNDA:0,(anonymous_19)
FNDA:0,(anonymous_20)
DA:22,1
DA:23,1
DA:24,2
DA:25,1
DA:29,1
DA:30,1
DA:31,1
DA:32,1
DA:33,1
DA:34,1
DA:35,1
DA:40,1
DA:43,1
DA:45,1
DA:46,1
DA:47,1
DA:49,1
DA:60,2
DA:61,2
DA:62,3
DA:63,3
DA:64,3
DA:65,6
DA:67,3
DA:71,3
DA:78,2
DA:92,2
DA:94,2
DA:95,2
DA:97,2
DA:101,3
DA:102,3
DA:104,3
DA:107,2
DA:115,2
DA:127,12
DA:128,1
DA:131,11
DA:132,11
DA:133,11
DA:134,3
DA:137,8
DA:151,3
DA:152,2
DA:154,1
DA:155,0
DA:156,0
DA:158,1
DA:159,1
DA:164,0
DA:165,0
DA:167,0
DA:178,0
DA:179,0
DA:180,0
DA:182,0
DA:197,1
DA:199,1
DA:200,2
DA:201,0
DA:202,2
DA:203,0
DA:204,0
DA:205,0
DA:206,2
DA:207,0
DA:208,2
DA:209,0
DA:214,0
DA:215,0
DA:219,1
DA:227,2
DA:228,2
DA:235,2
DA:236,0
DA:242,2
DA:247,2
DA:250,0
DA:252,0
DA:255,0
DA:271,0
DA:272,0
DA:273,0
DA:274,0
DA:275,0
DA:276,0
DA:277,0
DA:282,0
DA:283,0
DA:284,0
DA:287,0
DA:288,0
DA:290,0
DA:292,0
DA:295,0
DA:296,0
DA:297,0
DA:298,0
DA:299,0
DA:300,0
DA:305,0
DA:306,0
DA:307,0
DA:308,0
DA:310,0
DA:311,0
DA:314,0
DA:315,0
DA:317,0
DA:318,0
DA:319,0
DA:320,0
DA:325,0
DA:326,0
DA:329,0
DA:330,0
DA:337,0
DA:338,0
DA:339,0
DA:343,0
DA:348,0
DA:351,0
DA:352,0
DA:354,0
DA:356,0
DA:357,0
DA:358,0
DA:361,0
DA:362,0
DA:364,0
DA:368,0
DA:369,0
DA:370,0
DA:371,0
DA:376,0
DA:378,0
DA:379,0
DA:380,0
DA:383,0
LF:139
LH:59
BRDA:24,0,0,1
BRDA:24,0,1,1
BRDA:32,1,0,1
BRDA:32,1,1,0
BRDA:34,2,0,1
BRDA:34,2,1,0
BRDA:46,3,0,1
BRDA:46,3,1,0
BRDA:62,4,0,3
BRDA:62,4,1,0
BRDA:67,5,0,3
BRDA:67,5,1,0
BRDA:68,6,0,3
BRDA:68,6,1,3
BRDA:127,7,0,1
BRDA:127,7,1,11
BRDA:133,8,0,3
BRDA:133,8,1,8
BRDA:151,9,0,2
BRDA:151,9,1,1
BRDA:154,10,0,0
BRDA:154,10,1,1
BRDA:158,11,0,1
BRDA:158,11,1,0
BRDA:164,12,0,0
BRDA:164,12,1,0
BRDA:179,13,0,0
BRDA:179,13,1,0
BRDA:199,14,0,1
BRDA:199,14,1,1
BRDA:200,15,0,0
BRDA:200,15,1,2
BRDA:202,16,0,0
BRDA:202,16,1,2
BRDA:206,17,0,0
BRDA:206,17,1,2
BRDA:208,18,0,0
BRDA:208,18,1,2
BRDA:235,19,0,0
BRDA:235,19,1,2
BRDA:242,20,0,1
BRDA:242,20,1,1
BRDA:242,20,2,2
BRDA:242,20,3,2
BRDA:242,20,4,0
BRDA:242,20,5,0
BRDA:242,20,6,0
BRDA:242,20,7,0
BRDA:242,20,8,0
BRDA:273,21,0,0
BRDA:273,21,1,0
BRDA:276,22,0,0
BRDA:276,22,1,0
BRDA:287,23,0,0
BRDA:287,23,1,0
BRDA:290,24,0,0
BRDA:290,24,1,0
BRDA:290,25,0,0
BRDA:290,25,1,0
BRDA:295,26,0,0
BRDA:295,26,1,0
BRDA:297,27,0,0
BRDA:297,27,1,0
BRDA:299,28,0,0
BRDA:299,28,1,0
BRDA:307,29,0,0
BRDA:307,29,1,0
BRDA:315,30,0,0
BRDA:315,30,1,0
BRDA:325,31,0,0
BRDA:325,31,1,0
BRDA:329,32,0,0
BRDA:329,32,1,0
BRDA:339,33,0,0
BRDA:339,33,1,0
BRDA:340,34,0,0
BRDA:340,34,1,0
BRDA:357,35,0,0
BRDA:357,35,1,0
BRDA:361,36,0,0
BRDA:361,36,1,0
BRDA:368,37,0,0
BRDA:368,37,1,0
BRDA:370,38,0,0
BRDA:370,38,1,0
BRDA:376,39,0,0
BRDA:376,39,1,0
BRF:87
BRH:28
end_of_record
TN:
SF:src/schema.ts
FN:9,filterVarMap
FN:11,(anonymous_1)
FN:26,isSchemaObjectNode
FN:57,mapToObject
FN:58,(anonymous_4)
FN:73,findObjectLiterals
FNF:6
FNH:3
FNDA:1,filterVarMap
FNDA:1,(anonymous_1)
FNDA:1,isSchemaObjectNode
FNDA:0,mapToObject
FNDA:0,(anonymous_4)
FNDA:0,findObjectLiterals
DA:10,1
DA:11,1
DA:12,1
DA:13,1
DA:19,1
DA:27,1
DA:29,3
DA:30,1
DA:31,2
DA:32,0
DA:33,0
DA:35,2
DA:36,1
DA:37,1
DA:38,1
DA:44,1
DA:50,0
DA:58,0
DA:59,0
DA:60,0
DA:61,0
DA:62,0
DA:74,0
DA:75,0
DA:76,0
DA:77,0
DA:78,0
DA:79,0
DA:80,0
DA:81,0
DA:82,0
DA:89,0
LF:32
LH:14
BRDA:12,0,0,1
BRDA:12,0,1,0
BRDA:29,1,0,1
BRDA:29,1,1,2
BRDA:31,2,0,0
BRDA:31,2,1,2
BRDA:32,3,0,0
BRDA:32,3,1,0
BRDA:35,4,0,1
BRDA:35,4,1,1
BRDA:38,5,0,1
BRDA:38,5,1,0
BRDA:39,6,0,1
BRDA:39,6,1,1
BRDA:39,6,2,1
BRDA:39,6,3,1
BRDA:60,7,0,0
BRDA:60,7,1,0
BRDA:76,8,0,0
BRDA:76,8,1,0
BRDA:79,9,0,0
BRDA:79,9,1,0
BRDA:81,10,0,0
BRDA:81,10,1,0
BRF:24
BRH:11
end_of_record
TN:
SF:src/textStyle.ts
FN:8,convertTextStyleFn
FN:15,(anonymous_1)
FN:17,(anonymous_2)
FNF:3
FNH:2
FNDA:6,convertTextStyleFn
FNDA:0,(anonymous_1)
FNDA:1,(anonymous_2)
DA:9,6
DA:11,0
DA:13,4
DA:15,0
DA:17,2
LF:5
LH:3
BRDA:9,0,0,0
BRDA:9,0,1,4
BRDA:9,0,2,0
BRDA:9,0,3,2
BRF:4
BRH:2
end_of_record
TN:
SF:src/types.ts
FNF:0
FNH:0
DA:25,2
LF:1
LH:1
BRF:0
BRH:0
end_of_record
